2018-09-10T08:03:37.783Z - info: Starting IOMS Tool
2018-09-10T08:04:05.618Z - info: Starting IOMS Tool
2018-09-10T08:04:28.081Z - info: GET /iam/excel/save File:C:\Users\mmadriagajr\Documents\Automation Codes\Electron Applications\IOMS\IAM - Pack Code and Pack April 2018.xlsx
2018-09-10T08:09:55.589Z - info: Starting IOMS Tool
2018-09-10T08:10:01.292Z - info: GET /iam/excel/save File:C:\Users\mmadriagajr\Documents\Automation Codes\Electron Applications\IOMS\IAM - Pack Code and Pack April 2018.xlsx
2018-09-10T08:10:04.767Z - info: DONE Reading: C:\Users\mmadriagajr\Documents\Automation Codes\Electron Applications\IOMS\IAM - Pack Code and Pack April 2018.xlsx
2018-09-10T08:10:04.768Z - error: GET /iam/excel/save File:C:\Users\mmadriagajr\Documents\Automation Codes\Electron Applications\IOMS\IAM - Pack Code and Pack April 2018.xlsx
2018-09-10T08:10:04.768Z - error: ERROR: TypeError: workbook.getWorksheet(...).then is not a function
2018-09-10T08:11:59.873Z - info: Starting IOMS Tool
2018-09-10T08:12:01.483Z - info: GET /iam/excel/save File:C:\Users\mmadriagajr\Documents\Automation Codes\Electron Applications\IOMS\IAM - Pack Code and Pack April 2018.xlsx
2018-09-10T08:12:05.070Z - info: DONE Reading: C:\Users\mmadriagajr\Documents\Automation Codes\Electron Applications\IOMS\IAM - Pack Code and Pack April 2018.xlsx
2018-09-10T08:12:05.098Z - error: GET /iam/excel/save File:C:\Users\mmadriagajr\Documents\Automation Codes\Electron Applications\IOMS\IAM - Pack Code and Pack April 2018.xlsx
2018-09-10T08:12:05.098Z - error: ERROR: TypeError: workbook.getWorksheet(...).then is not a function
2018-09-10T08:13:02.364Z - info: Starting IOMS Tool
2018-09-10T08:13:06.528Z - info: GET /iam/excel/save File:C:\Users\mmadriagajr\Documents\Automation Codes\Electron Applications\IOMS\IAM - Pack Code and Pack April 2018.xlsx
2018-09-10T08:13:10.216Z - info: DONE Reading: C:\Users\mmadriagajr\Documents\Automation Codes\Electron Applications\IOMS\IAM - Pack Code and Pack April 2018.xlsx
2018-09-10T08:13:10.240Z - error: GET /iam/excel/save File:C:\Users\mmadriagajr\Documents\Automation Codes\Electron Applications\IOMS\IAM - Pack Code and Pack April 2018.xlsx
2018-09-10T08:13:10.240Z - error: ERROR: TypeError: Cannot read property 'eachRow' of undefined
2018-09-10T08:13:38.829Z - info: Starting IOMS Tool
2018-09-10T08:13:42.809Z - info: GET /iam/excel/save File:C:\Users\mmadriagajr\Documents\Automation Codes\Electron Applications\IOMS\IAM - Pack Code and Pack April 2018.xlsx
2018-09-10T08:13:46.416Z - info: DONE Reading: C:\Users\mmadriagajr\Documents\Automation Codes\Electron Applications\IOMS\IAM - Pack Code and Pack April 2018.xlsx
2018-09-10T08:14:21.506Z - info: Starting IOMS Tool
2018-09-10T08:14:32.369Z - info: GET /iam/excel/save File:C:\Users\mmadriagajr\Documents\Automation Codes\Electron Applications\IOMS\IAM - Pack Code and Pack April 2018.xlsx
2018-09-10T08:14:36.168Z - info: DONE Reading: C:\Users\mmadriagajr\Documents\Automation Codes\Electron Applications\IOMS\IAM - Pack Code and Pack April 2018.xlsx
2018-09-10T08:14:36.213Z - error: GET /iam/excel/save File:C:\Users\mmadriagajr\Documents\Automation Codes\Electron Applications\IOMS\IAM - Pack Code and Pack April 2018.xlsx
2018-09-10T08:14:36.213Z - error: ERROR: TypeError: workbook.getWorksheet(...).then is not a function
2018-09-10T08:16:59.381Z - info: Starting IOMS Tool
2018-09-10T08:17:01.919Z - info: GET /iam/excel/save File:C:\Users\mmadriagajr\Documents\Automation Codes\Electron Applications\IOMS\IAM - Pack Code and Pack April 2018.xlsx
2018-09-10T08:17:05.428Z - info: DONE Reading: C:\Users\mmadriagajr\Documents\Automation Codes\Electron Applications\IOMS\IAM - Pack Code and Pack April 2018.xlsx
2018-09-10T08:17:05.429Z - info: Retrieving worksheet: IAM
2018-09-10T08:19:47.823Z - info: Starting IOMS Tool
2018-09-10T08:19:56.043Z - info: GET /iam/excel/save File:C:\Users\mmadriagajr\Documents\Automation Codes\Electron Applications\IOMS\IAM - Pack Code and Pack April 2018.xlsx
2018-09-10T08:19:59.798Z - info: DONE Reading: C:\Users\mmadriagajr\Documents\Automation Codes\Electron Applications\IOMS\IAM - Pack Code and Pack April 2018.xlsx
2018-09-10T08:19:59.798Z - info: Retrieving worksheet: IAM
2018-09-10T08:19:59.799Z - info: Saving worksheet rows to SQLITE
2018-09-10T08:20:00.011Z - error: GET /iam/excel/save File:C:\Users\mmadriagajr\Documents\Automation Codes\Electron Applications\IOMS\IAM - Pack Code and Pack April 2018.xlsx
2018-09-10T08:20:00.011Z - error: ERROR: TypeError: db.serialize(...).then is not a function
2018-09-10T08:20:35.090Z - info: Starting IOMS Tool
2018-09-10T08:20:38.308Z - info: GET /iam/excel/save File:C:\Users\mmadriagajr\Documents\Automation Codes\Electron Applications\IOMS\IAM - Pack Code and Pack April 2018.xlsx
2018-09-10T08:20:41.903Z - info: DONE Reading: C:\Users\mmadriagajr\Documents\Automation Codes\Electron Applications\IOMS\IAM - Pack Code and Pack April 2018.xlsx
2018-09-10T08:20:41.903Z - info: Retrieving worksheet: IAM
2018-09-10T08:20:41.904Z - info: Saving worksheet rows to SQLITE
2018-09-10T08:29:05.928Z - info: Starting IOMS Tool
2018-09-10T08:29:09.672Z - info: GET /iam/excel/save File:C:\Users\mmadriagajr\Documents\Automation Codes\Electron Applications\IOMS\IAM - Pack Code and Pack April 2018.xlsx
2018-09-10T08:29:13.667Z - info: DONE Reading: C:\Users\mmadriagajr\Documents\Automation Codes\Electron Applications\IOMS\IAM - Pack Code and Pack April 2018.xlsx
2018-09-10T08:29:13.667Z - info: Retrieving worksheet: IAM
2018-09-10T08:29:13.668Z - info: Saving worksheet rows to SQLITE
2018-09-10T08:29:13.907Z - info: DONE saving worksheet rows to SQLITE
2018-09-10T08:31:51.340Z - info: Starting IOMS Tool
2018-09-10T08:31:55.430Z - info: GET /iam/excel/save File:C:\Users\mmadriagajr\Documents\Automation Codes\Electron Applications\IOMS\IAM - Pack Code and Pack April 2018.xlsx
2018-09-10T08:31:59.627Z - info: DONE Reading: C:\Users\mmadriagajr\Documents\Automation Codes\Electron Applications\IOMS\IAM - Pack Code and Pack April 2018.xlsx
2018-09-10T08:31:59.628Z - info: Retrieving worksheet: IAM
2018-09-10T08:31:59.628Z - info: Saving worksheet rows to SQLITE
2018-09-10T08:31:59.851Z - info: DONE saving worksheet rows to SQLITE
2018-09-10T09:52:28.316Z - info: Starting IOMS Tool
2018-09-10T09:52:37.009Z - info: POST /iam/excel/save File:C:\Users\mmadriagajr\Documents\Automation Codes\Electron Applications\IOMS\IAM - Pack Code and Pack April 2018.xlsx
2018-09-10T09:52:40.590Z - info: DONE Reading: C:\Users\mmadriagajr\Documents\Automation Codes\Electron Applications\IOMS\IAM - Pack Code and Pack April 2018.xlsx
2018-09-10T09:52:40.590Z - info: Retrieving worksheet: IAM
2018-09-10T09:52:40.591Z - info: Saving worksheet rows to SQLITE
2018-09-10T09:52:40.820Z - info: DONE saving worksheet rows to SQLITE
2018-09-10T10:00:34.690Z - info: Starting IOMS Tool
2018-09-10T10:00:34.754Z - info: Started Server on 3001
2018-09-10T10:00:34.742Z - info: Initialized database...
2018-09-10T10:00:34.773Z - info: Initialized Socket.IO
2018-09-10T10:03:10.178Z - info: Starting IOMS Tool
2018-09-10T10:03:10.234Z - info: Initialized database...
2018-09-10T10:03:10.262Z - info: Initialized Socket.IO
2018-09-10T10:03:10.248Z - info: Started Server on 3001
2018-09-10T10:03:27.653Z - info: Initialized database...
2018-09-10T10:03:27.663Z - info: Started Server on 3001
2018-09-10T10:03:27.679Z - info: Initialized Socket.IO
2018-09-10T10:03:27.607Z - info: Starting IOMS Tool
2018-09-10T10:03:49.226Z - info: Starting IOMS Tool
2018-09-10T10:03:49.273Z - info: Initialized database...
2018-09-10T10:03:49.285Z - info: Started Server on 3001
2018-09-10T10:03:49.340Z - info: Initialized Socket.IO
2018-09-10T10:06:05.858Z - info: Starting IOMS Tool
2018-09-10T10:06:05.917Z - info: Started Server on 3001
2018-09-10T10:06:05.964Z - info: Initialized Socket.IO
2018-09-10T10:06:05.907Z - info: Initialized database...
2018-09-10T10:11:59.385Z - info: Starting IOMS Tool
2018-09-10T10:11:59.441Z - info: Started Server on 3001
2018-09-10T10:11:59.429Z - info: Initialized database...
2018-09-10T10:11:59.490Z - info: Initialized Socket.IO
2018-09-10T10:15:04.952Z - info: Initialized database...
2018-09-10T10:15:04.963Z - info: Started Server on 3001
2018-09-10T10:15:04.905Z - info: Starting IOMS Tool
2018-09-10T10:15:05.007Z - info: Initialized Socket.IO
2018-09-10T10:15:06.591Z - info: Socket: excel-to-db connected
2018-09-10T10:18:45.072Z - info: Starting IOMS Tool
2018-09-10T10:18:45.129Z - info: Started Server on 3001
2018-09-10T10:18:45.119Z - info: Initialized database...
2018-09-10T10:18:45.172Z - info: Initialized Socket.IO
2018-09-10T10:19:15.857Z - info: POST /iam/excel/save File:C:\Users\mmadriagajr\Documents\Automation Codes\Electron Applications\IOMS\IAM - Pack Code and Pack April 2018.xlsx
2018-09-10T10:19:19.375Z - info: DONE Reading: C:\Users\mmadriagajr\Documents\Automation Codes\Electron Applications\IOMS\IAM - Pack Code and Pack April 2018.xlsx
2018-09-10T10:19:19.375Z - info: Retrieving worksheet: IAM
2018-09-10T10:19:19.376Z - info: Saving worksheet rows to SQLITE
2018-09-10T10:19:19.578Z - info: DONE saving worksheet rows to SQLITE
2018-09-10T10:22:00.674Z - info: Starting IOMS Tool
2018-09-10T10:22:00.778Z - info: Initialized Socket.IO
2018-09-10T10:22:00.733Z - info: Started Server on 3001
2018-09-10T10:22:00.722Z - info: Initialized database...
2018-09-10T10:22:07.236Z - info: POST /iam/excel/save File:C:\Users\mmadriagajr\Documents\Automation Codes\Electron Applications\IOMS\IAM - Pack Code and Pack April 2018.xlsx
2018-09-10T10:22:10.756Z - info: DONE Reading: C:\Users\mmadriagajr\Documents\Automation Codes\Electron Applications\IOMS\IAM - Pack Code and Pack April 2018.xlsx
2018-09-10T10:22:10.756Z - info: Retrieving worksheet: IAM
2018-09-10T10:22:10.757Z - info: Saving worksheet rows to SQLITE
2018-09-10T10:22:10.958Z - info: DONE saving worksheet rows to SQLITE
2018-09-10T10:22:20.073Z - info: Socket: excel-to-db connected
2018-09-10T10:22:29.965Z - info: POST /iam/excel/save File:C:\Users\mmadriagajr\Documents\Automation Codes\Electron Applications\IOMS\IAM - Pack Code and Pack April 2018.xlsx
2018-09-10T10:22:33.414Z - info: DONE Reading: C:\Users\mmadriagajr\Documents\Automation Codes\Electron Applications\IOMS\IAM - Pack Code and Pack April 2018.xlsx
2018-09-10T10:22:33.415Z - info: Retrieving worksheet: IAM
2018-09-10T10:22:33.415Z - info: Saving worksheet rows to SQLITE
2018-09-10T10:22:33.614Z - info: DONE saving worksheet rows to SQLITE
2018-09-10T10:29:52.444Z - info: Initialized database...
2018-09-10T10:29:52.455Z - info: Started Server on 3001
2018-09-10T10:29:52.503Z - info: Initialized Socket.IO
2018-09-10T10:29:52.401Z - info: Starting IOMS Tool
2018-09-10T10:29:53.933Z - info: Socket: excel-to-db connected
2018-09-10T10:30:00.567Z - info: POST /iam/excel/save File:C:\Users\mmadriagajr\Documents\Automation Codes\Electron Applications\IOMS\IAM - Pack Code and Pack April 2018.xlsx
2018-09-10T10:30:04.055Z - info: DONE Reading: C:\Users\mmadriagajr\Documents\Automation Codes\Electron Applications\IOMS\IAM - Pack Code and Pack April 2018.xlsx
2018-09-10T10:30:04.056Z - info: Retrieving worksheet: IAM
2018-09-10T10:30:04.057Z - info: Saving worksheet rows to SQLITE
2018-09-10T10:30:04.267Z - info: DONE saving worksheet rows to SQLITE
2018-09-10T10:33:56.805Z - info: Initialized database...
2018-09-10T10:33:56.755Z - info: Starting IOMS Tool
2018-09-10T10:33:56.816Z - info: Started Server on 3001
2018-09-10T10:33:56.860Z - info: Initialized Socket.IO
2018-09-10T10:34:01.029Z - info: Socket: excel-to-db connected
2018-09-10T10:34:16.435Z - info: POST /iam/excel/save File:C:\Users\mmadriagajr\Documents\Automation Codes\Electron Applications\IOMS\IAM - Pack Code and Pack April 2018.xlsx
2018-09-10T10:34:20.010Z - info: DONE Reading: C:\Users\mmadriagajr\Documents\Automation Codes\Electron Applications\IOMS\IAM - Pack Code and Pack April 2018.xlsx
2018-09-10T10:34:20.010Z - info: Retrieving worksheet: IAM
2018-09-10T10:34:20.011Z - info: Saving worksheet rows to SQLITE
2018-09-10T10:34:20.231Z - info: DONE saving worksheet rows to SQLITE
2018-09-10T10:38:24.400Z - info: POST /sa/excel/save File:C:\Users\mmadriagajr\Documents\Automation Codes\Electron Applications\IOMS\SA - Pack Code and Pack April 2018.xlsx
2018-09-10T10:38:30.868Z - info: DONE Reading: C:\Users\mmadriagajr\Documents\Automation Codes\Electron Applications\IOMS\SA - Pack Code and Pack April 2018.xlsx
2018-09-10T10:38:30.870Z - info: Retrieving worksheet: SA
2018-09-10T10:44:24.925Z - info: Socket: excel-to-db connected
2018-09-10T10:44:41.724Z - info: Starting IOMS Tool
2018-09-10T10:44:41.779Z - info: Initialized database...
2018-09-10T10:44:41.839Z - info: Initialized Socket.IO
2018-09-10T10:44:41.791Z - info: Started Server on 3001
2018-09-10T10:44:42.539Z - info: Socket: excel-to-db connected
2018-09-10T10:44:43.793Z - info: Socket: excel-to-db connected
2018-09-10T10:45:07.097Z - info: Socket: excel-to-db connected
2018-09-10T10:45:08.974Z - info: Socket: excel-to-db connected
2018-09-10T10:45:10.164Z - info: Socket: excel-to-db connected
2018-09-10T10:45:10.953Z - info: Socket: excel-to-db connected
2018-09-10T10:45:11.664Z - info: Socket: excel-to-db connected
2018-09-10T10:45:12.379Z - info: Socket: excel-to-db connected
2018-09-10T10:46:16.844Z - info: Starting IOMS Tool
2018-09-10T10:46:16.907Z - info: Initialized database...
2018-09-10T10:46:16.920Z - info: Started Server on 3001
2018-09-10T10:46:16.980Z - info: Initialized Socket.IO
2018-09-10T10:46:50.786Z - info: Starting IOMS Tool
2018-09-10T10:46:50.850Z - info: Initialized database...
2018-09-10T10:46:50.864Z - info: Started Server on 3001
2018-09-10T10:46:50.921Z - info: Initialized Socket.IO
2018-09-10T10:46:55.161Z - info: Socket: client connected to excel-to-db 
2018-09-10T10:47:49.495Z - info: Starting IOMS Tool
2018-09-10T10:47:49.541Z - info: Initialized database...
2018-09-10T10:47:49.595Z - info: Initialized Socket.IO
2018-09-10T10:47:49.553Z - info: Started Server on 3001
2018-09-10T10:47:50.596Z - info: Socket: client connected to excel-to-db 
2018-09-10T10:48:23.024Z - info: Starting IOMS Tool
2018-09-10T10:48:23.130Z - info: Initialized Socket.IO
2018-09-10T10:48:23.075Z - info: Initialized database...
2018-09-10T10:48:23.086Z - info: Started Server on 3001
2018-09-10T10:48:25.611Z - info: Socket: /excel-to-db#hG9muXJ-oCnthkYCAAAA connected
2018-09-10T10:50:22.608Z - info: POST /sa/excel/save File:C:\Users\mmadriagajr\Documents\Automation Codes\Electron Applications\IOMS\SA - Pack Code and Pack April 2018.xlsx
2018-09-10T10:50:29.258Z - info: DONE Reading: C:\Users\mmadriagajr\Documents\Automation Codes\Electron Applications\IOMS\SA - Pack Code and Pack April 2018.xlsx
2018-09-10T10:50:29.259Z - info: Retrieving worksheet: SA
2018-09-10T10:50:29.259Z - info: Saving worksheet rows to SQLITE
2018-09-10T10:50:29.585Z - info: DONE saving worksheet rows to SQLITE
2018-09-10T10:50:29.586Z - info: Emitting 'excel-saved'...
2018-09-10T10:59:48.435Z - info: Starting IOMS Tool
2018-09-10T10:59:48.524Z - info: Started Server on 3001
2018-09-10T10:59:48.514Z - info: Initialized database...
2018-09-10T10:59:48.584Z - info: Initialized Socket.IO
2018-09-10T10:59:51.546Z - info: Socket: /excel-to-db#V49MTta0fdvUdWaWAAAA connected
2018-09-10T11:00:19.328Z - info: POST /sa/excel/save File:C:\Users\mmadriagajr\Documents\Automation Codes\Electron Applications\IOMS\April 2018 - Active Clients April 2018.xlsx
2018-09-10T11:00:32.759Z - info: DONE Reading: C:\Users\mmadriagajr\Documents\Automation Codes\Electron Applications\IOMS\April 2018 - Active Clients April 2018.xlsx
2018-09-10T11:00:32.760Z - info: Retrieving worksheet: SA
2018-09-10T11:00:32.761Z - info: Saving worksheet rows to SQLITE
2018-09-10T11:00:32.762Z - error: Could not POST /sa/excel/save File:C:\Users\mmadriagajr\Documents\Automation Codes\Electron Applications\IOMS\April 2018 - Active Clients April 2018.xlsx
2018-09-10T11:00:32.762Z - error: ERROR: TypeError: Cannot read property 'eachRow' of undefined
2018-09-10T11:00:43.869Z - info: POST /sales-report/excel/save File:C:\Users\mmadriagajr\Documents\Automation Codes\Electron Applications\IOMS\April 2018 - Active Clients April 2018.xlsx
2018-09-10T11:01:14.399Z - info: Starting IOMS Tool
2018-09-10T11:01:14.499Z - info: Initialized Socket.IO
2018-09-10T11:01:14.445Z - info: Initialized database...
2018-09-10T11:01:14.456Z - info: Started Server on 3001
2018-09-10T11:01:15.953Z - info: Socket: /excel-to-db#UQi_dlGSQwDoEDqnAAAA connected
2018-09-10T11:01:29.405Z - info: POST /sales-report/excel/save File:C:\Users\mmadriagajr\Documents\Automation Codes\Electron Applications\IOMS\April 2018 - Active Clients April 2018.xlsx
2018-09-10T11:01:43.697Z - info: DONE Reading: C:\Users\mmadriagajr\Documents\Automation Codes\Electron Applications\IOMS\April 2018 - Active Clients April 2018.xlsx
2018-09-10T11:01:44.276Z - info: DONE saving worksheets rows to SQLITE
2018-09-10T11:01:44.276Z - info: Emitting 'excel-saved'...
2018-09-10T11:29:57.668Z - info: Starting IOMS Tool
2018-09-10T11:29:57.733Z - info: Started Server on 3001
2018-09-10T11:29:57.721Z - info: Initialized database...
2018-09-10T11:29:57.797Z - info: Initialized Socket.IO
2018-09-10T11:30:03.503Z - info: POST /iam/excel/save File:C:\Users\mmadriagajr\Documents\Automation Codes\Electron Applications\IOMS\IAM - Pack Code and Pack April 2018.xlsx
2018-09-10T11:30:07.346Z - info: DONE Reading: C:\Users\mmadriagajr\Documents\Automation Codes\Electron Applications\IOMS\IAM - Pack Code and Pack April 2018.xlsx
2018-09-10T11:30:07.346Z - info: Retrieving worksheet: IAM
2018-09-10T11:30:07.346Z - info: Saving worksheet rows to SQLITE
2018-09-10T11:30:07.566Z - info: DONE saving worksheet rows to SQLITE
2018-09-10T11:30:07.566Z - info: Emitting 'excel-saved'...
2018-09-11T07:13:50.195Z - info: Starting IOMS Tool
2018-09-11T07:13:50.259Z - info: Initialized database...
2018-09-11T07:13:50.269Z - info: Started Server on 3001
2018-09-11T07:13:50.322Z - info: Initialized Socket.IO
2018-09-11T07:14:28.313Z - info: Starting IOMS Tool
2018-09-11T07:14:28.363Z - info: Initialized database...
2018-09-11T07:14:28.422Z - info: Initialized Socket.IO
2018-09-11T07:14:28.373Z - info: Started Server on 3001
2018-09-11T07:14:45.984Z - info: Starting IOMS Tool
2018-09-11T07:14:46.090Z - info: Initialized Socket.IO
2018-09-11T07:14:46.031Z - info: Initialized database...
2018-09-11T07:14:46.042Z - info: Started Server on 3001
2018-09-11T07:15:01.661Z - info: GET /sales-report/generate/all Month:April
2018-09-11T07:53:17.653Z - info: Starting IOMS Tool
2018-09-11T07:53:17.713Z - info: Initialized database...
2018-09-11T07:53:17.726Z - info: Started Server on 3001
2018-09-11T07:53:17.804Z - info: Initialized Socket.IO
2018-09-11T07:53:20.861Z - info: GET /sales-report/generate/all Month:April
2018-09-11T07:53:25.845Z - info: Preparing Report: Summary Report
2018-09-11T07:53:25.845Z - info: Preparing Report: Details Report
2018-09-11T07:53:25.845Z - info: Creating Excel Reports...
2018-09-11T07:53:25.846Z - info: Generating Report: April Summary Report
2018-09-11T07:53:25.862Z - info: Generating Report: April Details Report
2018-09-11T07:53:26.866Z - info: Successfully Generated Reports
2018-09-11T07:53:26.866Z - info: Emitting 'sales-report-generated'...
2018-09-11T07:53:26.869Z - error: Could not GET /sales-report/generate/all Month:April
2018-09-11T07:53:26.870Z - error: ERROR: TypeError: Cannot read property 'emit' of undefined
2018-09-11T07:54:37.687Z - info: Starting IOMS Tool
2018-09-11T07:54:37.754Z - info: Started Server on 3001
2018-09-11T07:54:37.740Z - info: Initialized database...
2018-09-11T07:54:37.824Z - info: Initialized Socket.IO
2018-09-11T07:54:40.431Z - info: GET /sales-report/generate/all Month: April
2018-09-11T07:54:46.519Z - info: Preparing Report: Summary Report
2018-09-11T07:54:46.520Z - info: Preparing Report: Details Report
2018-09-11T07:54:46.520Z - info: Creating Excel Reports...
2018-09-11T07:54:46.520Z - info: Generating Report: April Summary Report
2018-09-11T07:54:46.537Z - info: Generating Report: April Details Report
2018-09-11T07:54:47.577Z - info: Successfully Generated Reports
2018-09-11T07:54:47.578Z - info: Emitting 'sales-report-generated'...
2018-09-12T06:40:55.595Z - info: Starting IOMS Tool
2018-09-12T06:40:55.696Z - info: Initialized Socket.IO
2018-09-12T06:40:55.652Z - info: Started Server on 3001
2018-09-12T06:40:55.640Z - info: Initialized database...
2018-09-12T06:41:02.226Z - info: GET /sales-report/generate/all Month: April
2018-09-12T06:41:07.523Z - info: Preparing Report: Summary Report
2018-09-12T06:41:07.525Z - info: Preparing Report: Details Report
2018-09-12T06:41:07.525Z - info: Creating Excel Reports...
2018-09-12T06:41:07.526Z - info: Generating Report: April Summary Report
2018-09-12T06:41:07.543Z - info: Generating Report: April Details Report
2018-09-12T06:41:08.655Z - info: Successfully Generated Reports
2018-09-12T06:41:08.655Z - info: Emitting 'sales-report-generated'...
2018-09-12T06:42:01.871Z - info: Starting IOMS Tool
2018-09-12T06:42:01.944Z - info: Started Server on 3001
2018-09-12T06:42:02.009Z - info: Initialized Socket.IO
2018-09-12T06:42:01.929Z - info: Initialized database...
2018-09-12T06:42:10.906Z - info: GET /sales-report/generate/all Month: April
2018-09-12T06:42:16.688Z - info: Preparing Report: Summary Report
2018-09-12T06:42:16.689Z - info: Preparing Report: Details Report
2018-09-12T06:42:16.690Z - info: Creating Excel Reports...
2018-09-12T06:42:16.691Z - info: Generating Report: April Summary Report
2018-09-12T06:42:16.722Z - info: Generating Report: April Details Report
2018-09-12T06:42:18.193Z - info: Successfully Generated Reports
2018-09-12T06:42:18.193Z - info: Emitting 'sales-report-generated'...
2018-09-12T06:42:54.052Z - info: Starting IOMS Tool
2018-09-12T06:42:54.099Z - info: Initialized database...
2018-09-12T06:42:54.110Z - info: Started Server on 3001
2018-09-12T06:42:54.157Z - info: Initialized Socket.IO
2018-09-12T06:45:24.859Z - info: Starting IOMS Tool
2018-09-12T06:45:24.917Z - info: Started Server on 3001
2018-09-12T06:45:24.963Z - info: Initialized Socket.IO
2018-09-12T06:45:24.906Z - info: Initialized database...
2018-09-12T06:45:33.239Z - info: GET /sales-report/generate/all Month: April
2018-09-12T06:46:08.367Z - info: Starting IOMS Tool
2018-09-12T06:46:08.424Z - info: Started Server on 3001
2018-09-12T06:46:08.412Z - info: Initialized database...
2018-09-12T06:46:08.470Z - info: Initialized Socket.IO
2018-09-12T06:46:24.750Z - info: GET /sales-report/generate/all?month=April
2018-09-12T06:47:21.148Z - info: Started Server on 3001
2018-09-12T06:47:21.137Z - info: Initialized database...
2018-09-12T06:47:21.092Z - info: Starting IOMS Tool
2018-09-12T06:47:21.195Z - info: Initialized Socket.IO
2018-09-12T07:20:24.635Z - info: Started Server on 3001
2018-09-12T07:20:24.624Z - info: Initialized database...
2018-09-12T07:20:24.667Z - info: Initialized Socket.IO
2018-09-12T07:20:24.612Z - info: Starting IOMS Tool
2018-09-12T07:20:29.939Z - info: GET /sales-report/generate/all?month=April
2018-09-12T07:20:36.415Z - info: Preparing Report: Summary Report
2018-09-12T07:20:36.415Z - info: Preparing Report: Details Report
2018-09-12T07:20:36.415Z - info: Creating Excel Reports...
2018-09-12T07:20:36.416Z - info: Generating Report: April Summary Report
2018-09-12T07:20:36.425Z - info: Generating Report: April Details Report
2018-09-12T07:20:37.347Z - info: Successfully Generated Reports
2018-09-12T07:20:37.347Z - info: Emitting 'sales-report-generated'...
2018-09-12T13:21:06.900Z - info: Initialized database...
2018-09-12T13:21:06.848Z - info: Starting IOMS Tool
2018-09-12T13:21:06.913Z - info: Started Server on 3001
2018-09-12T13:21:06.969Z - info: Initialized Socket.IO
2018-09-12T13:21:20.946Z - info: POST /iam/excel/save?file=C:\Users\mmadriagajr\Documents\Automation%20Codes\Electron%20Applications\IOMS\IAM%20-%20Pack%20Code%20and%20Pack%20April%202018.xlsx
2018-09-12T13:21:24.536Z - info: DONE Reading: C:\Users\mmadriagajr\Documents\Automation Codes\Electron Applications\IOMS\IAM - Pack Code and Pack April 2018.xlsx
2018-09-12T13:21:24.536Z - info: Retrieving worksheet: IAM
2018-09-12T13:21:24.537Z - info: Saving worksheet rows to SQLITE
2018-09-12T13:21:24.537Z - error: Could not POST /iam/excel/save File:C:\Users\mmadriagajr\Documents\Automation Codes\Electron Applications\IOMS\IAM - Pack Code and Pack April 2018.xlsx
2018-09-12T13:21:24.537Z - error: ERROR: TypeError: worksheet.eachRow is not a function
2018-09-13T12:12:53.723Z - info: Starting IOMS Tool
2018-09-13T12:12:53.780Z - info: Initialized database...
2018-09-13T12:12:53.847Z - info: Initialized Socket.IO
2018-09-13T12:12:53.792Z - info: Started Server on 3001
2018-09-13T12:13:23.288Z - info: GET /sales-report/generate/all?month=April
2018-09-13T12:13:26.659Z - info: Preparing Report: Summary Report
2018-09-13T12:13:26.667Z - error: Could not GET /sales-report/generate/all Month:April
2018-09-13T12:13:26.667Z - error: ERROR: TypeError: Cannot set property 'client_id' of undefined
2018-09-13T12:15:01.636Z - info: Starting IOMS Tool
2018-09-13T12:15:01.691Z - info: Initialized database...
2018-09-13T12:15:01.702Z - info: Started Server on 3001
2018-09-13T12:15:01.759Z - info: Initialized Socket.IO
2018-09-13T12:15:18.259Z - info: GET /sales-report/generate/all?month=April
2018-09-13T12:15:21.557Z - info: Preparing Report: Summary Report
2018-09-13T12:15:21.561Z - error: Could not GET /sales-report/generate/all Month:April
2018-09-13T12:15:21.561Z - error: ERROR: TypeError: Cannot set property 'client_id' of undefined
2018-09-13T12:17:15.748Z - info: Starting IOMS Tool
2018-09-13T12:17:15.793Z - info: Initialized database...
2018-09-13T12:17:15.803Z - info: Started Server on 3001
2018-09-13T12:17:15.849Z - info: Initialized Socket.IO
2018-09-13T12:17:20.441Z - info: GET /sales-report/generate/all?month=April
2018-09-13T12:19:35.508Z - info: Starting IOMS Tool
2018-09-13T12:19:35.553Z - info: Initialized database...
2018-09-13T12:19:35.564Z - info: Started Server on 3001
2018-09-13T12:19:35.609Z - info: Initialized Socket.IO
2018-09-13T12:19:38.996Z - info: GET /sales-report/generate/all?month=April
2018-09-13T12:22:21.363Z - info: Starting IOMS Tool
2018-09-13T12:22:21.409Z - info: Initialized database...
2018-09-13T12:22:21.421Z - info: Started Server on 3001
2018-09-13T12:22:21.470Z - info: Initialized Socket.IO
2018-09-13T12:22:25.136Z - info: POST /iam/excel/save?file=C:\Users\mmadriagajr\Documents\Automation%20Codes\Electron%20Applications\IOMS\IAM%20-%20Pack%20Code%20and%20Pack%20April%202018.xlsx
2018-09-13T12:22:28.845Z - info: DONE Reading: C:\Users\mmadriagajr\Documents\Automation Codes\Electron Applications\IOMS\IAM - Pack Code and Pack April 2018.xlsx
2018-09-13T12:22:28.846Z - info: Retrieving worksheet: IAM
2018-09-13T12:22:28.847Z - info: Saving worksheet rows to SQLITE
2018-09-13T12:22:29.072Z - info: DONE saving worksheet rows to SQLITE
2018-09-13T12:22:29.072Z - info: Emitting 'excel-saved'...
2018-09-13T12:22:38.255Z - info: GET /sales-report/generate/all?month=April
2018-09-13T12:22:43.387Z - info: Preparing Report: Summary Report
2018-09-13T12:22:43.388Z - info: Preparing Report: Details Report
2018-09-13T12:22:43.388Z - info: Creating Excel Reports...
2018-09-13T12:22:43.388Z - info: Generating Report: April Summary Report
2018-09-13T12:22:43.404Z - info: Generating Report: April Details Report
2018-09-13T12:22:44.608Z - info: Successfully Generated Reports
2018-09-13T12:22:44.609Z - info: Emitting 'sales-report-generated'...
